Build started 12/10/2014 8:13:09 AM.
     1>Project "c:\Users\chang liu\documents\visual studio 2010\Projects\KMers\KMers\KMers.vcxproj" on node 2 (build target(s)).
     1>InitializeBuildStatus:
         Creating "Debug\KMers.unsuccessfulbuild" because "AlwaysCreate" was specified.
       AddCudaCompileDeps:
       Skipping target "AddCudaCompileDeps" because all output files are up-to-date with respect to the input files.
       AddCudaCompilePropsDeps:
       Skipping target "AddCudaCompilePropsDeps" because all output files are up-to-date with respect to the input files.
       CudaBuild:
       Skipping target "CudaBuild" because all output files are up-to-date with respect to the input files.
       ClCompile:
         c:\Program Files (x86)\Microsoft Visual Studio 10.0\VC\bin\CL.exe /c /I"C:\Program Files\NVIDIA GPU Computing Toolkit\CUDA\v6.5\include" /ZI /nologo /W3 /WX- /Od /Oy- /D WIN32 /D _DEBUG /D _CONSOLE /D _MBCS /Gm /EHsc /RTC1 /MDd /GS /fp:precise /Zc:wchar_t /Zc:forScope /Fo"Debug\\" /Fd"Debug\vc100.pdb" /Gd /TP /analyze- /errorReport:prompt main.cu
         main.cu
       ManifestResourceCompile:
         All outputs are up-to-date.
       Link:
         c:\Program Files (x86)\Microsoft Visual Studio 10.0\VC\bin\link.exe /ERRORREPORT:PROMPT /OUT:"c:\users\chang liu\documents\visual studio 2010\Projects\KMers\Debug\KMers.exe" /INCREMENTAL /NOLOGO /LIBPATH:"C:\Program Files\NVIDIA GPU Computing Toolkit\CUDA\v6.5\lib\Win32" cudart.lib kernel32.lib user32.lib gdi32.lib winspool.lib comdlg32.lib advapi32.lib shell32.lib ole32.lib oleaut32.lib uuid.lib odbc32.lib odbccp32.lib kernel32.lib user32.lib gdi32.lib winspool.lib comdlg32.lib advapi32.lib shell32.lib ole32.lib oleaut32.lib uuid.lib odbc32.lib odbccp32.lib /MANIFEST /ManifestFile:"Debug\KMers.exe.intermediate.manifest" /MANIFESTUAC:"level='asInvoker' uiAccess='false'" /DEBUG /PDB:"c:\users\chang liu\documents\visual studio 2010\Projects\KMers\Debug\KMers.pdb" /SUBSYSTEM:CONSOLE /TLBID:1 /DYNAMICBASE /NXCOMPAT /IMPLIB:"c:\users\chang liu\documents\visual studio 2010\Projects\KMers\Debug\KMers.lib" /MACHINE:X86 Debug\parallelkmers.cu.obj
         Debug\KMers.exe.embed.manifest.res
         Debug\main.obj
         Debug\serialkmers.obj
       Manifest:
         C:\Program Files (x86)\Microsoft SDKs\Windows\v7.0A\bin\mt.exe /nologo /verbose /out:"Debug\KMers.exe.embed.manifest" /manifest Debug\KMers.exe.intermediate.manifest
         All outputs are up-to-date.
       LinkEmbedManifest:
         All outputs are up-to-date.
         KMers.vcxproj -> c:\users\chang liu\documents\visual studio 2010\Projects\KMers\Debug\KMers.exe
       PostBuildEvent:
         echo copy "C:\Program Files\NVIDIA GPU Computing Toolkit\CUDA\v6.5\bin\cudart*.dll" "c:\users\chang liu\documents\visual studio 2010\Projects\KMers\Debug\"
         copy "C:\Program Files\NVIDIA GPU Computing Toolkit\CUDA\v6.5\bin\cudart*.dll" "c:\users\chang liu\documents\visual studio 2010\Projects\KMers\Debug\"
         :VCEnd
         copy "C:\Program Files\NVIDIA GPU Computing Toolkit\CUDA\v6.5\bin\cudart*.dll" "c:\users\chang liu\documents\visual studio 2010\Projects\KMers\Debug\"
         C:\Program Files\NVIDIA GPU Computing Toolkit\CUDA\v6.5\bin\cudart32_65.dll
         C:\Program Files\NVIDIA GPU Computing Toolkit\CUDA\v6.5\bin\cudart64_65.dll
                 2 file(s) copied.
       FinalizeBuildStatus:
         Deleting file "Debug\KMers.unsuccessfulbuild".
         Touching "Debug\KMers.lastbuildstate".
     1>Done Building Project "c:\Users\chang liu\documents\visual studio 2010\Projects\KMers\KMers\KMers.vcxproj" (build target(s)).

Build succeeded.

Time Elapsed 00:00:02.30
