C:\USERS\CHANG LIU\DOCUMENTS\VISUAL STUDIO 2010\PROJECTS\KMERS\DEBUG\KMERS.EXE
C:\USERS\CHANG LIU\DOCUMENTS\VISUAL STUDIO 2010\PROJECTS\KMERS\DEBUG\KMERS.ILK
C:\USERS\CHANG LIU\DOCUMENTS\VISUAL STUDIO 2010\PROJECTS\KMERS\DEBUG\KMERS.PDB
c:\Users\chang liu\documents\visual studio 2010\Projects\KMers\KMers\Debug\cl.command.1.tlog
c:\Users\chang liu\documents\visual studio 2010\Projects\KMers\KMers\Debug\CL.read.1.tlog
c:\Users\chang liu\documents\visual studio 2010\Projects\KMers\KMers\Debug\CL.write.1.tlog
C:\USERS\CHANG LIU\DOCUMENTS\VISUAL STUDIO 2010\PROJECTS\KMERS\KMERS\DEBUG\KMERS.EXE.EMBED.MANIFEST
C:\USERS\CHANG LIU\DOCUMENTS\VISUAL STUDIO 2010\PROJECTS\KMERS\KMERS\DEBUG\KMERS.EXE.EMBED.MANIFEST.RES
C:\USERS\CHANG LIU\DOCUMENTS\VISUAL STUDIO 2010\PROJECTS\KMERS\KMERS\DEBUG\KMERS.EXE.INTERMEDIATE.MANIFEST
c:\Users\chang liu\documents\visual studio 2010\Projects\KMers\KMers\Debug\KMers.write.1.tlog
c:\Users\chang liu\documents\visual studio 2010\Projects\KMers\KMers\Debug\KMers_manifest.rc
c:\Users\chang liu\documents\visual studio 2010\Projects\KMers\KMers\Debug\link.13280.read.1.tlog
c:\Users\chang liu\documents\visual studio 2010\Projects\KMers\KMers\Debug\link.13280.write.1.tlog
c:\Users\chang liu\documents\visual studio 2010\Projects\KMers\KMers\Debug\link.13280-cvtres.read.1.tlog
c:\Users\chang liu\documents\visual studio 2010\Projects\KMers\KMers\Debug\link.13280-cvtres.write.1.tlog
c:\Users\chang liu\documents\visual studio 2010\Projects\KMers\KMers\Debug\link.command.1.tlog
c:\Users\chang liu\documents\visual studio 2010\Projects\KMers\KMers\Debug\link.read.1.tlog
c:\Users\chang liu\documents\visual studio 2010\Projects\KMers\KMers\Debug\link.write.1.tlog
c:\Users\chang liu\documents\visual studio 2010\Projects\KMers\KMers\Debug\link-cvtres.read.1.tlog
c:\Users\chang liu\documents\visual studio 2010\Projects\KMers\KMers\Debug\link-cvtres.write.1.tlog
C:\USERS\CHANG LIU\DOCUMENTS\VISUAL STUDIO 2010\PROJECTS\KMERS\KMERS\DEBUG\MAIN.OBJ
c:\Users\chang liu\documents\visual studio 2010\Projects\KMers\KMers\Debug\mt.command.1.tlog
c:\Users\chang liu\documents\visual studio 2010\Projects\KMers\KMers\Debug\mt.read.1.tlog
c:\Users\chang liu\documents\visual studio 2010\Projects\KMers\KMers\Debug\mt.write.1.tlog
c:\Users\chang liu\documents\visual studio 2010\Projects\KMers\KMers\Debug\parallelkmers.cu.cache
c:\Users\chang liu\documents\visual studio 2010\Projects\KMers\KMers\Debug\parallelkmers.cu.obj
c:\Users\chang liu\documents\visual studio 2010\Projects\KMers\KMers\Debug\rc.command.1.tlog
c:\Users\chang liu\documents\visual studio 2010\Projects\KMers\KMers\Debug\rc.read.1.tlog
c:\Users\chang liu\documents\visual studio 2010\Projects\KMers\KMers\Debug\rc.write.1.tlog
C:\USERS\CHANG LIU\DOCUMENTS\VISUAL STUDIO 2010\PROJECTS\KMERS\KMERS\DEBUG\SERIALKMERS.OBJ
c:\Users\chang liu\documents\visual studio 2010\Projects\KMers\KMers\Debug\vc100.idb
C:\USERS\CHANG LIU\DOCUMENTS\VISUAL STUDIO 2010\PROJECTS\KMERS\KMERS\DEBUG\VC100.PDB
