Build started 12/10/2014 8:15:33 AM.
     1>Project "c:\Users\chang liu\documents\visual studio 2010\Projects\KMers\KMers\KMers.vcxproj" on node 2 (build target(s)).
     1>InitializeBuildStatus:
         Creating "Release\KMers.unsuccessfulbuild" because "AlwaysCreate" was specified.
       AddCudaCompileDeps:
       Skipping target "AddCudaCompileDeps" because all output files are up-to-date with respect to the input files.
       AddCudaCompilePropsDeps:
       Skipping target "AddCudaCompilePropsDeps" because all output files are up-to-date with respect to the input files.
       CudaBuild:
       Skipping target "CudaBuild" because all output files are up-to-date with respect to the input files.
       ClCompile:
         c:\Program Files (x86)\Microsoft Visual Studio 10.0\VC\bin\CL.exe /c /I"C:\Program Files\NVIDIA GPU Computing Toolkit\CUDA\v6.5\include" /Zi /nologo /W3 /WX- /O2 /Oi /Oy- /GL /D WIN32 /D NDEBUG /D _CONSOLE /D _MBCS /Gm- /EHsc /MD /GS /Gy /fp:precise /Zc:wchar_t /Zc:forScope /Fo"Release\\" /Fd"Release\vc100.pdb" /Gd /TP /analyze- /errorReport:prompt main.cu
         main.cu
       Link:
         c:\Program Files (x86)\Microsoft Visual Studio 10.0\VC\bin\link.exe /ERRORREPORT:PROMPT /OUT:"c:\users\chang liu\documents\visual studio 2010\Projects\KMers\Release\KMers.exe" /NOLOGO /LIBPATH:"C:\Program Files\NVIDIA GPU Computing Toolkit\CUDA\v6.5\lib\Win32" cudart.lib kernel32.lib user32.lib gdi32.lib winspool.lib comdlg32.lib advapi32.lib shell32.lib ole32.lib oleaut32.lib uuid.lib odbc32.lib odbccp32.lib kernel32.lib user32.lib gdi32.lib winspool.lib comdlg32.lib advapi32.lib shell32.lib ole32.lib oleaut32.lib uuid.lib odbc32.lib odbccp32.lib /MANIFEST /ManifestFile:"Release\KMers.exe.intermediate.manifest" /MANIFESTUAC:"level='asInvoker' uiAccess='false'" /DEBUG /PDB:"c:\users\chang liu\documents\visual studio 2010\Projects\KMers\Release\KMers.pdb" /SUBSYSTEM:CONSOLE /OPT:REF /OPT:ICF /LTCG /TLBID:1 /DYNAMICBASE /NXCOMPAT /IMPLIB:"c:\users\chang liu\documents\visual studio 2010\Projects\KMers\Release\KMers.lib" /MACHINE:X86 Release\parallelkmers.cu.obj
         Release\main.obj
         Release\serialkmers.obj
         Generating code
         Finished generating code
         KMers.vcxproj -> c:\users\chang liu\documents\visual studio 2010\Projects\KMers\Release\KMers.exe
       Manifest:
         C:\Program Files (x86)\Microsoft SDKs\Windows\v7.0A\bin\mt.exe /nologo /verbose /outputresource:"c:\users\chang liu\documents\visual studio 2010\Projects\KMers\Release\KMers.exe;#1" /manifest Release\KMers.exe.intermediate.manifest
       PostBuildEvent:
         echo copy "C:\Program Files\NVIDIA GPU Computing Toolkit\CUDA\v6.5\bin\cudart*.dll" "c:\users\chang liu\documents\visual studio 2010\Projects\KMers\Release\"
         copy "C:\Program Files\NVIDIA GPU Computing Toolkit\CUDA\v6.5\bin\cudart*.dll" "c:\users\chang liu\documents\visual studio 2010\Projects\KMers\Release\"
         :VCEnd
         copy "C:\Program Files\NVIDIA GPU Computing Toolkit\CUDA\v6.5\bin\cudart*.dll" "c:\users\chang liu\documents\visual studio 2010\Projects\KMers\Release\"
         C:\Program Files\NVIDIA GPU Computing Toolkit\CUDA\v6.5\bin\cudart32_65.dll
         C:\Program Files\NVIDIA GPU Computing Toolkit\CUDA\v6.5\bin\cudart64_65.dll
                 2 file(s) copied.
       FinalizeBuildStatus:
         Deleting file "Release\KMers.unsuccessfulbuild".
         Touching "Release\KMers.lastbuildstate".
     1>Done Building Project "c:\Users\chang liu\documents\visual studio 2010\Projects\KMers\KMers\KMers.vcxproj" (build target(s)).

Build succeeded.

Time Elapsed 00:00:01.09
